<?xml version="1.0" encoding="UTF-8"?>
<testsuite name="com.github.cricket.PerformancePredictionApplicationTests" tests="1" skipped="0" failures="0" errors="0" timestamp="2023-11-08T19:41:50" hostname="Arshs-MacBook-Air.local" time="0.413">
  <properties/>
  <testcase name="contextLoads()" classname="com.github.cricket.PerformancePredictionApplicationTests" time="0.413"/>
  <system-out><![CDATA[01:11:49.854 [Test worker] INFO org.springframework.test.context.support.AnnotationConfigContextLoaderUtils -- Could not detect default configuration classes for test class [com.github.cricket.PerformancePredictionApplicationTests]: PerformancePredictionApplicationTests does not declare any static, non-private, non-final, nested classes annotated with @Configuration.
01:11:49.892 [Test worker] INFO org.springframework.boot.test.context.SpringBootTestContextBootstrapper -- Found @SpringBootConfiguration com.github.cricket.PerformancePredictionApplication for test class com.github.cricket.PerformancePredictionApplicationTests

  .   ____          _            __ _ _
 /\\ / ___'_ __ _ _(_)_ __  __ _ \ \ \ \
( ( )\___ | '_ | '_| | '_ \/ _` | \ \ \ \
 \\/  ___)| |_)| | | | | || (_| |  ) ) ) )
  '  |____| .__|_| |_|_| |_\__, | / / / /
 =========|_|==============|___/=/_/_/_/
 :: Spring Boot ::                (v3.1.5)

2023-11-09T01:11:50.030+05:30  INFO 99035 --- [    Test worker] .c.PerformancePredictionApplicationTests : Starting PerformancePredictionApplicationTests using Java 17.0.8 with PID 99035 (started by arshkachroo in /Users/arshkachroo/Desktop/dev/codebase/Projects/PerformancePrediction)
2023-11-09T01:11:50.031+05:30  INFO 99035 --- [    Test worker] .c.PerformancePredictionApplicationTests : No active profile set, falling back to 1 default profile: "default"
2023-11-09T01:11:50.423+05:30  INFO 99035 --- [    Test worker] .c.PerformancePredictionApplicationTests : Started PerformancePredictionApplicationTests in 0.479 seconds (process running for 0.902)
]]></system-out>
  <system-err><![CDATA[]]></system-err>
</testsuite>
